<?xml version="1.0" encoding="UTF-8"?>
<!-- Generated by org.testng.reporters.JUnitReportReporter -->
<testsuite skipped="0" hostname="DESKTOP-68HP9CA" name="com.Jquery.Testcases.TC01_Jquery_Launchingbrowser" tests="2" failures="0" timestamp="27 Feb 2019 18:45:42 GMT" time="4.410" errors="0">
  <testcase name="UrlLaunch" time="3.939" classname="com.Jquery.Testcases.TC01_Jquery_Launchingbrowser"/>
  <testcase name="url" time="0.471" classname="com.Jquery.Testcases.TC01_Jquery_Launchingbrowser"/>
</testsuite> <!-- com.Jquery.Testcases.TC01_Jquery_Launchingbrowser -->
