<?xml version="1.0" encoding="UTF-8"?>
<!-- Generated by org.testng.reporters.JUnitReportReporter -->
<testsuite hostname="DESKTOP-68HP9CA" name="com.jQueryui.Results.MultiThread" tests="1" failures="0" timestamp="18 May 2019 07:30:13 GMT" time="94.372" errors="0">
  <testcase name="Test1" time="94.372" classname="com.jQueryui.Results.MultiThread"/>
</testsuite> <!-- com.jQueryui.Results.MultiThread -->
